current directory: /mnt/linuxdata/projects/turing/.bundle/ruby/3.4.0/gems/json-2.18.0/ext/json/ext/parser
/usr/bin/ruby extconf.rb
checking for rb_enc_interned_str() in ruby/encoding.h... yes
checking for rb_str_to_interned_str() in ruby.h... yes
checking for rb_hash_new_capa() in ruby.h... yes
checking for rb_hash_bulk_insert() in ruby.h... yes
checking for whether -std=c99 is accepted as CFLAGS... yes
checking for x86intrin.h... yes
checking for cpuid.h... yes
creating Makefile

current directory: /mnt/linuxdata/projects/turing/.bundle/ruby/3.4.0/gems/json-2.18.0/ext/json/ext/parser
make -j17 DESTDIR\= sitearchdir\=./.gem.20260129-2198594-6q11yu sitelibdir\=./.gem.20260129-2198594-6q11yu clean

current directory: /mnt/linuxdata/projects/turing/.bundle/ruby/3.4.0/gems/json-2.18.0/ext/json/ext/parser
make -j17 DESTDIR\= sitearchdir\=./.gem.20260129-2198594-6q11yu sitelibdir\=./.gem.20260129-2198594-6q11yu
compiling parser.c
linking shared-object json/ext/parser.so

current directory: /mnt/linuxdata/projects/turing/.bundle/ruby/3.4.0/gems/json-2.18.0/ext/json/ext/parser
make -j17 DESTDIR\= sitearchdir\=./.gem.20260129-2198594-6q11yu sitelibdir\=./.gem.20260129-2198594-6q11yu install
/usr/bin/install -c -m 0755 parser.so ./.gem.20260129-2198594-6q11yu/json/ext

current directory: /mnt/linuxdata/projects/turing/.bundle/ruby/3.4.0/gems/json-2.18.0/ext/json/ext/parser
make DESTDIR\= sitearchdir\=./.gem.20260129-2198594-6q11yu sitelibdir\=./.gem.20260129-2198594-6q11yu clean
